{"contracts/EchodexRouterFee.sol":{"l":{"18":0,"19":0,"23":0,"24":0,"28":0,"41":0,"42":0,"44":0,"45":0,"46":0,"48":0,"49":0,"50":0,"51":0,"53":0,"54":0,"55":0,"56":0,"80":0,"81":0,"82":0,"83":0,"84":0,"105":0,"113":0,"114":0,"115":0,"116":0,"117":0,"119":0,"132":0,"133":0,"134":0,"135":0,"136":0,"137":0,"138":0,"149":0,"158":0,"159":0,"160":0,"176":0,"177":0,"178":0,"179":0,"194":0,"195":0,"196":0,"197":0,"209":0,"210":0,"211":0,"212":0,"227":0,"228":0,"229":0,"230":0,"248":0,"249":0,"250":0,"251":0,"252":0,"254":0,"255":0,"256":0,"257":0,"258":0,"259":0,"261":0,"262":0,"264":0,"276":0,"277":0,"278":0,"284":0,"295":0,"296":0,"297":0,"303":0,"313":0,"314":0,"315":0,"316":0,"317":0,"318":0,"329":0,"330":0,"331":0,"332":0,"338":0,"339":0,"340":0,"351":0,"352":0,"353":0,"354":0,"360":0,"361":0,"362":0,"372":0,"373":0,"374":0,"375":0,"376":0,"377":0,"379":0,"385":0,"386":0,"387":0,"388":0,"389":0,"390":0,"391":0,"393":0,"394":0,"396":0,"397":0,"399":0,"401":0,"403":0,"404":0,"405":0,"406":0,"408":0,"409":0,"412":0,"424":0,"430":0,"431":0,"432":0,"445":0,"446":0,"447":0,"448":0,"449":0,"450":0,"451":0,"465":0,"466":0,"472":0,"473":0,"474":0,"475":0,"476":0,"485":0,"493":0,"501":0,"510":0,"519":0},"path":"/Users/vanminh/Documents/WORK/ECHODEX/echodex-contracts/contracts/EchodexRouterFee.sol","s":{"1":0,"2":0,"3":0,"4":0,"5":0,"6":0,"7":0,"8":0,"9":0,"10":0,"11":0,"12":0,"13":0,"14":0,"15":0,"16":0,"17":0,"18":0,"19":0,"20":0,"21":0,"22":0,"23":0,"24":0,"25":0,"26":0,"27":0,"28":0,"29":0,"30":0,"31":0,"32":0,"33":0,"34":0,"35":0,"36":0,"37":0,"38":0,"39":0,"40":0,"41":0,"42":0,"43":0,"44":0,"45":0,"46":0,"47":0,"48":0,"49":0,"50":0,"51":0,"52":0,"53":0,"54":0,"55":0,"56":0,"57":0,"58":0,"59":0,"60":0,"61":0,"62":0,"63":0,"64":0,"65":0,"66":0,"67":0,"68":0,"69":0,"70":0,"71":0,"72":0,"73":0,"74":0,"75":0,"76":0,"77":0,"78":0,"79":0,"80":0,"81":0,"82":0,"83":0,"84":0,"85":0,"86":0,"87":0,"88":0,"89":0,"90":0,"91":0,"92":0,"93":0,"94":0,"95":0,"96":0,"97":0,"98":0,"99":0,"100":0,"101":0,"102":0,"103":0,"104":0,"105":0,"106":0,"107":0,"108":0,"109":0,"110":0,"111":0,"112":0,"113":0,"114":0,"115":0,"116":0,"117":0,"118":0,"119":0,"120":0,"121":0,"122":0,"123":0,"124":0,"125":0,"126":0,"127":0,"128":0,"129":0,"130":0,"131":0,"132":0,"133":0,"134":0,"135":0,"136":0,"137":0,"138":0,"139":0,"140":0,"141":0,"142":0,"143":0,"144":0,"145":0,"146":0,"147":0,"148":0},"b":{"1":[0,0],"2":[0,0],"3":[0,0],"4":[0,0],"5":[0,0],"6":[0,0],"7":[0,0],"8":[0,0],"9":[0,0],"10":[0,0],"11":[0,0],"12":[0,0],"13":[0,0],"14":[0,0],"15":[0,0],"16":[0,0],"17":[0,0],"18":[0,0],"19":[0,0],"20":[0,0],"21":[0,0],"22":[0,0],"23":[0,0],"24":[0,0],"25":[0,0],"26":[0,0],"27":[0,0],"28":[0,0],"29":[0,0]},"f":{"1":0,"2":0,"3":0,"4":0,"5":0,"6":0,"7":0,"8":0,"9":0,"10":0,"11":0,"12":0,"13":0,"14":0,"15":0,"16":0,"17":0,"18":0,"19":0,"20":0,"21":0,"22":0,"23":0,"24":0,"25":0,"26":0,"27":0},"fnMap":{"1":{"name":"ensure","line":17,"loc":{"start":{"line":17,"column":4},"end":{"line":20,"column":4}}},"2":{"name":"constructor","line":22,"loc":{"start":{"line":22,"column":4},"end":{"line":25,"column":4}}},"3":{"name":"_addLiquidity","line":32,"loc":{"start":{"line":32,"column":4},"end":{"line":59,"column":4}}},"4":{"name":"addLiquidity","line":73,"loc":{"start":{"line":61,"column":4},"end":{"line":85,"column":4}}},"5":{"name":"addLiquidityETH","line":98,"loc":{"start":{"line":87,"column":4},"end":{"line":120,"column":4}}},"6":{"name":"removeLiquidity","line":131,"loc":{"start":{"line":123,"column":4},"end":{"line":139,"column":4}}},"7":{"name":"removeLiquidityETH","line":148,"loc":{"start":{"line":141,"column":4},"end":{"line":161,"column":4}}},"8":{"name":"removeLiquidityWithPermit","line":163,"loc":{"start":{"line":163,"column":4},"end":{"line":180,"column":4}}},"9":{"name":"removeLiquidityETHWithPermit","line":182,"loc":{"start":{"line":182,"column":4},"end":{"line":198,"column":4}}},"10":{"name":"removeLiquidityETHSupportingFeeOnTransferTokens","line":208,"loc":{"start":{"line":201,"column":4},"end":{"line":213,"column":4}}},"11":{"name":"removeLiquidityETHWithPermitSupportingFeeOnTransferTokens","line":215,"loc":{"start":{"line":215,"column":4},"end":{"line":238,"column":4}}},"12":{"name":"_swap","line":242,"loc":{"start":{"line":242,"column":4},"end":{"line":266,"column":4}}},"13":{"name":"swapExactTokensForTokens","line":275,"loc":{"start":{"line":268,"column":4},"end":{"line":285,"column":4}}},"14":{"name":"swapTokensForExactTokens","line":294,"loc":{"start":{"line":287,"column":4},"end":{"line":304,"column":4}}},"15":{"name":"swapExactETHForTokens","line":312,"loc":{"start":{"line":306,"column":4},"end":{"line":319,"column":4}}},"16":{"name":"swapTokensForExactETH","line":328,"loc":{"start":{"line":321,"column":4},"end":{"line":341,"column":4}}},"17":{"name":"swapExactTokensForETH","line":350,"loc":{"start":{"line":343,"column":4},"end":{"line":363,"column":4}}},"18":{"name":"swapETHForExactTokens","line":371,"loc":{"start":{"line":365,"column":4},"end":{"line":380,"column":4}}},"19":{"name":"_swapSupportingFeeOnTransferTokens","line":384,"loc":{"start":{"line":384,"column":4},"end":{"line":414,"column":4}}},"20":{"name":"swapExactTokensForTokensSupportingFeeOnTransferTokens","line":423,"loc":{"start":{"line":416,"column":4},"end":{"line":436,"column":4}}},"21":{"name":"swapExactETHForTokensSupportingFeeOnTransferTokens","line":444,"loc":{"start":{"line":438,"column":4},"end":{"line":455,"column":4}}},"22":{"name":"swapExactTokensForETHSupportingFeeOnTransferTokens","line":464,"loc":{"start":{"line":457,"column":4},"end":{"line":477,"column":4}}},"23":{"name":"quote","line":480,"loc":{"start":{"line":480,"column":4},"end":{"line":486,"column":4}}},"24":{"name":"getAmountOut","line":488,"loc":{"start":{"line":488,"column":4},"end":{"line":494,"column":4}}},"25":{"name":"getAmountIn","line":496,"loc":{"start":{"line":496,"column":4},"end":{"line":502,"column":4}}},"26":{"name":"getAmountsOut","line":504,"loc":{"start":{"line":504,"column":4},"end":{"line":511,"column":4}}},"27":{"name":"getAmountsIn","line":513,"loc":{"start":{"line":513,"column":4},"end":{"line":520,"column":4}}}},"statementMap":{"1":{"start":{"line":18,"column":8},"end":{"line":18,"column":69}},"2":{"start":{"line":23,"column":8},"end":{"line":23,"column":25}},"3":{"start":{"line":24,"column":8},"end":{"line":24,"column":19}},"4":{"start":{"line":41,"column":8},"end":{"line":41,"column":1162}},"5":{"start":{"line":42,"column":12},"end":{"line":42,"column":62}},"6":{"start":{"line":44,"column":8},"end":{"line":44,"column":98}},"7":{"start":{"line":45,"column":8},"end":{"line":45,"column":1415}},"8":{"start":{"line":46,"column":12},"end":{"line":46,"column":64}},"9":{"start":{"line":48,"column":12},"end":{"line":48,"column":93}},"10":{"start":{"line":49,"column":12},"end":{"line":49,"column":1648}},"11":{"start":{"line":50,"column":16},"end":{"line":50,"column":92}},"12":{"start":{"line":51,"column":16},"end":{"line":51,"column":68}},"13":{"start":{"line":53,"column":16},"end":{"line":53,"column":97}},"14":{"start":{"line":54,"column":16},"end":{"line":54,"column":55}},"15":{"start":{"line":55,"column":16},"end":{"line":55,"column":92}},"16":{"start":{"line":56,"column":16},"end":{"line":56,"column":68}},"17":{"start":{"line":80,"column":8},"end":{"line":80,"column":113}},"18":{"start":{"line":81,"column":8},"end":{"line":81,"column":70}},"19":{"start":{"line":82,"column":8},"end":{"line":82,"column":73}},"20":{"start":{"line":83,"column":8},"end":{"line":83,"column":73}},"21":{"start":{"line":84,"column":8},"end":{"line":84,"column":46}},"22":{"start":{"line":105,"column":8},"end":{"line":105,"column":3459}},"23":{"start":{"line":113,"column":8},"end":{"line":113,"column":67}},"24":{"start":{"line":114,"column":8},"end":{"line":114,"column":76}},"25":{"start":{"line":115,"column":8},"end":{"line":115,"column":46}},"26":{"start":{"line":116,"column":8},"end":{"line":116,"column":52}},"27":{"start":{"line":117,"column":8},"end":{"line":117,"column":46}},"28":{"start":{"line":119,"column":8},"end":{"line":119,"column":100}},"29":{"start":{"line":119,"column":35},"end":{"line":119,"column":99}},"30":{"start":{"line":132,"column":8},"end":{"line":132,"column":70}},"31":{"start":{"line":133,"column":8},"end":{"line":133,"column":67}},"32":{"start":{"line":134,"column":8},"end":{"line":134,"column":72}},"33":{"start":{"line":135,"column":8},"end":{"line":135,"column":70}},"34":{"start":{"line":136,"column":8},"end":{"line":136,"column":86}},"35":{"start":{"line":137,"column":8},"end":{"line":137,"column":77}},"36":{"start":{"line":138,"column":8},"end":{"line":138,"column":77}},"37":{"start":{"line":149,"column":8},"end":{"line":149,"column":5282}},"38":{"start":{"line":158,"column":8},"end":{"line":158,"column":58}},"39":{"start":{"line":159,"column":8},"end":{"line":159,"column":38}},"40":{"start":{"line":160,"column":8},"end":{"line":160,"column":52}},"41":{"start":{"line":176,"column":8},"end":{"line":176,"column":70}},"42":{"start":{"line":177,"column":8},"end":{"line":177,"column":60}},"43":{"start":{"line":178,"column":8},"end":{"line":178,"column":85}},"44":{"start":{"line":179,"column":8},"end":{"line":179,"column":108}},"45":{"start":{"line":194,"column":8},"end":{"line":194,"column":67}},"46":{"start":{"line":195,"column":8},"end":{"line":195,"column":60}},"47":{"start":{"line":196,"column":8},"end":{"line":196,"column":85}},"48":{"start":{"line":197,"column":8},"end":{"line":197,"column":114}},"49":{"start":{"line":209,"column":8},"end":{"line":209,"column":117}},"50":{"start":{"line":210,"column":8},"end":{"line":210,"column":85}},"51":{"start":{"line":211,"column":8},"end":{"line":211,"column":38}},"52":{"start":{"line":212,"column":8},"end":{"line":212,"column":52}},"53":{"start":{"line":227,"column":8},"end":{"line":227,"column":67}},"54":{"start":{"line":228,"column":8},"end":{"line":228,"column":60}},"55":{"start":{"line":229,"column":8},"end":{"line":229,"column":85}},"56":{"start":{"line":230,"column":8},"end":{"line":230,"column":8321}},"57":{"start":{"line":248,"column":8},"end":{"line":248,"column":8813}},"58":{"start":{"line":249,"column":12},"end":{"line":249,"column":68}},"59":{"start":{"line":250,"column":12},"end":{"line":250,"column":72}},"60":{"start":{"line":251,"column":12},"end":{"line":251,"column":46}},"61":{"start":{"line":252,"column":12},"end":{"line":252,"column":9136}},"62":{"start":{"line":254,"column":12},"end":{"line":254,"column":105}},"63":{"start":{"line":255,"column":12},"end":{"line":255,"column":73}},"64":{"start":{"line":256,"column":12},"end":{"line":256,"column":9387}},"65":{"start":{"line":257,"column":16},"end":{"line":257,"column":70}},"66":{"start":{"line":258,"column":16},"end":{"line":258,"column":9511}},"67":{"start":{"line":259,"column":20},"end":{"line":259,"column":62}},"68":{"start":{"line":261,"column":16},"end":{"line":261,"column":93}},"69":{"start":{"line":262,"column":16},"end":{"line":262,"column":62}},"70":{"start":{"line":264,"column":12},"end":{"line":264,"column":103}},"71":{"start":{"line":276,"column":8},"end":{"line":276,"column":70}},"72":{"start":{"line":277,"column":8},"end":{"line":277,"column":104}},"73":{"start":{"line":278,"column":8},"end":{"line":278,"column":10428}},"74":{"start":{"line":284,"column":8},"end":{"line":284,"column":50}},"75":{"start":{"line":295,"column":8},"end":{"line":295,"column":70}},"76":{"start":{"line":296,"column":8},"end":{"line":296,"column":82}},"77":{"start":{"line":297,"column":8},"end":{"line":297,"column":11122}},"78":{"start":{"line":303,"column":8},"end":{"line":303,"column":50}},"79":{"start":{"line":313,"column":8},"end":{"line":313,"column":62}},"80":{"start":{"line":314,"column":8},"end":{"line":314,"column":71}},"81":{"start":{"line":315,"column":8},"end":{"line":315,"column":104}},"82":{"start":{"line":316,"column":8},"end":{"line":316,"column":47}},"83":{"start":{"line":317,"column":8},"end":{"line":317,"column":98}},"84":{"start":{"line":318,"column":8},"end":{"line":318,"column":50}},"85":{"start":{"line":329,"column":8},"end":{"line":329,"column":76}},"86":{"start":{"line":330,"column":8},"end":{"line":330,"column":70}},"87":{"start":{"line":331,"column":8},"end":{"line":331,"column":82}},"88":{"start":{"line":332,"column":8},"end":{"line":332,"column":12621}},"89":{"start":{"line":338,"column":8},"end":{"line":338,"column":61}},"90":{"start":{"line":339,"column":8},"end":{"line":339,"column":56}},"91":{"start":{"line":340,"column":8},"end":{"line":340,"column":70}},"92":{"start":{"line":351,"column":8},"end":{"line":351,"column":76}},"93":{"start":{"line":352,"column":8},"end":{"line":352,"column":70}},"94":{"start":{"line":353,"column":8},"end":{"line":353,"column":104}},"95":{"start":{"line":354,"column":8},"end":{"line":354,"column":13556}},"96":{"start":{"line":360,"column":8},"end":{"line":360,"column":61}},"97":{"start":{"line":361,"column":8},"end":{"line":361,"column":56}},"98":{"start":{"line":362,"column":8},"end":{"line":362,"column":70}},"99":{"start":{"line":372,"column":8},"end":{"line":372,"column":62}},"100":{"start":{"line":373,"column":8},"end":{"line":373,"column":70}},"101":{"start":{"line":374,"column":8},"end":{"line":374,"column":80}},"102":{"start":{"line":375,"column":8},"end":{"line":375,"column":47}},"103":{"start":{"line":376,"column":8},"end":{"line":376,"column":98}},"104":{"start":{"line":377,"column":8},"end":{"line":377,"column":50}},"105":{"start":{"line":379,"column":8},"end":{"line":379,"column":102}},"106":{"start":{"line":379,"column":36},"end":{"line":379,"column":101}},"107":{"start":{"line":385,"column":8},"end":{"line":385,"column":15055}},"108":{"start":{"line":386,"column":12},"end":{"line":386,"column":68}},"109":{"start":{"line":387,"column":12},"end":{"line":387,"column":73}},"110":{"start":{"line":388,"column":12},"end":{"line":388,"column":92}},"111":{"start":{"line":389,"column":12},"end":{"line":389,"column":31}},"112":{"start":{"line":390,"column":12},"end":{"line":390,"column":32}},"113":{"start":{"line":393,"column":16},"end":{"line":393,"column":75}},"114":{"start":{"line":394,"column":16},"end":{"line":394,"column":15641}},"115":{"start":{"line":396,"column":16},"end":{"line":396,"column":85}},"116":{"start":{"line":397,"column":16},"end":{"line":397,"column":99}},"117":{"start":{"line":399,"column":12},"end":{"line":399,"column":15996}},"118":{"start":{"line":401,"column":12},"end":{"line":401,"column":105}},"119":{"start":{"line":403,"column":12},"end":{"line":403,"column":16173}},"120":{"start":{"line":404,"column":16},"end":{"line":404,"column":70}},"121":{"start":{"line":405,"column":16},"end":{"line":405,"column":16297}},"122":{"start":{"line":406,"column":20},"end":{"line":406,"column":71}},"123":{"start":{"line":408,"column":16},"end":{"line":408,"column":93}},"124":{"start":{"line":409,"column":16},"end":{"line":409,"column":62}},"125":{"start":{"line":412,"column":12},"end":{"line":412,"column":89}},"126":{"start":{"line":424,"column":8},"end":{"line":424,"column":17030}},"127":{"start":{"line":430,"column":8},"end":{"line":430,"column":75}},"128":{"start":{"line":431,"column":8},"end":{"line":431,"column":70}},"129":{"start":{"line":432,"column":8},"end":{"line":432,"column":17361}},"130":{"start":{"line":445,"column":8},"end":{"line":445,"column":62}},"131":{"start":{"line":446,"column":8},"end":{"line":446,"column":36}},"132":{"start":{"line":447,"column":8},"end":{"line":447,"column":45}},"133":{"start":{"line":448,"column":8},"end":{"line":448,"column":96}},"134":{"start":{"line":449,"column":8},"end":{"line":449,"column":75}},"135":{"start":{"line":450,"column":8},"end":{"line":450,"column":70}},"136":{"start":{"line":451,"column":8},"end":{"line":451,"column":18210}},"137":{"start":{"line":465,"column":8},"end":{"line":465,"column":76}},"138":{"start":{"line":466,"column":8},"end":{"line":466,"column":18756}},"139":{"start":{"line":472,"column":8},"end":{"line":472,"column":81}},"140":{"start":{"line":473,"column":8},"end":{"line":473,"column":65}},"141":{"start":{"line":474,"column":8},"end":{"line":474,"column":86}},"142":{"start":{"line":475,"column":8},"end":{"line":475,"column":38}},"143":{"start":{"line":476,"column":8},"end":{"line":476,"column":52}},"144":{"start":{"line":485,"column":8},"end":{"line":485,"column":64}},"145":{"start":{"line":493,"column":8},"end":{"line":493,"column":75}},"146":{"start":{"line":501,"column":8},"end":{"line":501,"column":75}},"147":{"start":{"line":510,"column":8},"end":{"line":510,"column":68}},"148":{"start":{"line":519,"column":8},"end":{"line":519,"column":68}}},"branchMap":{"1":{"line":18,"type":"if","locations":[{"start":{"line":18,"column":8},"end":{"line":18,"column":8}},{"start":{"line":18,"column":8},"end":{"line":18,"column":8}}]},"2":{"line":41,"type":"if","locations":[{"start":{"line":41,"column":8},"end":{"line":41,"column":8}},{"start":{"line":41,"column":8},"end":{"line":41,"column":8}}]},"3":{"line":45,"type":"if","locations":[{"start":{"line":45,"column":8},"end":{"line":45,"column":8}},{"start":{"line":45,"column":8},"end":{"line":45,"column":8}}]},"4":{"line":49,"type":"if","locations":[{"start":{"line":49,"column":12},"end":{"line":49,"column":12}},{"start":{"line":49,"column":12},"end":{"line":49,"column":12}}]},"5":{"line":50,"type":"if","locations":[{"start":{"line":50,"column":16},"end":{"line":50,"column":16}},{"start":{"line":50,"column":16},"end":{"line":50,"column":16}}]},"6":{"line":55,"type":"if","locations":[{"start":{"line":55,"column":16},"end":{"line":55,"column":16}},{"start":{"line":55,"column":16},"end":{"line":55,"column":16}}]},"7":{"line":119,"type":"if","locations":[{"start":{"line":119,"column":8},"end":{"line":119,"column":8}},{"start":{"line":119,"column":8},"end":{"line":119,"column":8}}]},"8":{"line":137,"type":"if","locations":[{"start":{"line":137,"column":8},"end":{"line":137,"column":8}},{"start":{"line":137,"column":8},"end":{"line":137,"column":8}}]},"9":{"line":138,"type":"if","locations":[{"start":{"line":138,"column":8},"end":{"line":138,"column":8}},{"start":{"line":138,"column":8},"end":{"line":138,"column":8}}]},"10":{"line":256,"type":"if","locations":[{"start":{"line":256,"column":12},"end":{"line":256,"column":12}},{"start":{"line":256,"column":12},"end":{"line":256,"column":12}}]},"11":{"line":258,"type":"if","locations":[{"start":{"line":258,"column":16},"end":{"line":258,"column":16}},{"start":{"line":258,"column":16},"end":{"line":258,"column":16}}]},"12":{"line":277,"type":"if","locations":[{"start":{"line":277,"column":8},"end":{"line":277,"column":8}},{"start":{"line":277,"column":8},"end":{"line":277,"column":8}}]},"13":{"line":296,"type":"if","locations":[{"start":{"line":296,"column":8},"end":{"line":296,"column":8}},{"start":{"line":296,"column":8},"end":{"line":296,"column":8}}]},"14":{"line":313,"type":"if","locations":[{"start":{"line":313,"column":8},"end":{"line":313,"column":8}},{"start":{"line":313,"column":8},"end":{"line":313,"column":8}}]},"15":{"line":315,"type":"if","locations":[{"start":{"line":315,"column":8},"end":{"line":315,"column":8}},{"start":{"line":315,"column":8},"end":{"line":315,"column":8}}]},"16":{"line":329,"type":"if","locations":[{"start":{"line":329,"column":8},"end":{"line":329,"column":8}},{"start":{"line":329,"column":8},"end":{"line":329,"column":8}}]},"17":{"line":331,"type":"if","locations":[{"start":{"line":331,"column":8},"end":{"line":331,"column":8}},{"start":{"line":331,"column":8},"end":{"line":331,"column":8}}]},"18":{"line":351,"type":"if","locations":[{"start":{"line":351,"column":8},"end":{"line":351,"column":8}},{"start":{"line":351,"column":8},"end":{"line":351,"column":8}}]},"19":{"line":353,"type":"if","locations":[{"start":{"line":353,"column":8},"end":{"line":353,"column":8}},{"start":{"line":353,"column":8},"end":{"line":353,"column":8}}]},"20":{"line":372,"type":"if","locations":[{"start":{"line":372,"column":8},"end":{"line":372,"column":8}},{"start":{"line":372,"column":8},"end":{"line":372,"column":8}}]},"21":{"line":374,"type":"if","locations":[{"start":{"line":374,"column":8},"end":{"line":374,"column":8}},{"start":{"line":374,"column":8},"end":{"line":374,"column":8}}]},"22":{"line":379,"type":"if","locations":[{"start":{"line":379,"column":8},"end":{"line":379,"column":8}},{"start":{"line":379,"column":8},"end":{"line":379,"column":8}}]},"23":{"line":403,"type":"if","locations":[{"start":{"line":403,"column":12},"end":{"line":403,"column":12}},{"start":{"line":403,"column":12},"end":{"line":403,"column":12}}]},"24":{"line":405,"type":"if","locations":[{"start":{"line":405,"column":16},"end":{"line":405,"column":16}},{"start":{"line":405,"column":16},"end":{"line":405,"column":16}}]},"25":{"line":432,"type":"if","locations":[{"start":{"line":432,"column":8},"end":{"line":432,"column":8}},{"start":{"line":432,"column":8},"end":{"line":432,"column":8}}]},"26":{"line":445,"type":"if","locations":[{"start":{"line":445,"column":8},"end":{"line":445,"column":8}},{"start":{"line":445,"column":8},"end":{"line":445,"column":8}}]},"27":{"line":451,"type":"if","locations":[{"start":{"line":451,"column":8},"end":{"line":451,"column":8}},{"start":{"line":451,"column":8},"end":{"line":451,"column":8}}]},"28":{"line":465,"type":"if","locations":[{"start":{"line":465,"column":8},"end":{"line":465,"column":8}},{"start":{"line":465,"column":8},"end":{"line":465,"column":8}}]},"29":{"line":474,"type":"if","locations":[{"start":{"line":474,"column":8},"end":{"line":474,"column":8}},{"start":{"line":474,"column":8},"end":{"line":474,"column":8}}]}}},"contracts/interfaces/IEchodexCallee.sol":{"l":{},"path":"/Users/vanminh/Documents/WORK/ECHODEX/echodex-contracts/contracts/interfaces/IEchodexCallee.sol","s":{},"b":{},"f":{},"fnMap":{},"statementMap":{},"branchMap":{}},"contracts/interfaces/IEchodexERC20.sol":{"l":{},"path":"/Users/vanminh/Documents/WORK/ECHODEX/echodex-contracts/contracts/interfaces/IEchodexERC20.sol","s":{},"b":{},"f":{},"fnMap":{},"statementMap":{},"branchMap":{}},"contracts/interfaces/IEchodexFactory.sol":{"l":{},"path":"/Users/vanminh/Documents/WORK/ECHODEX/echodex-contracts/contracts/interfaces/IEchodexFactory.sol","s":{},"b":{},"f":{},"fnMap":{},"statementMap":{},"branchMap":{}},"contracts/interfaces/IEchodexPair.sol":{"l":{},"path":"/Users/vanminh/Documents/WORK/ECHODEX/echodex-contracts/contracts/interfaces/IEchodexPair.sol","s":{},"b":{},"f":{},"fnMap":{},"statementMap":{},"branchMap":{}},"contracts/interfaces/IERC20.sol":{"l":{},"path":"/Users/vanminh/Documents/WORK/ECHODEX/echodex-contracts/contracts/interfaces/IERC20.sol","s":{},"b":{},"f":{},"fnMap":{},"statementMap":{},"branchMap":{}},"contracts/interfaces/IWETH.sol":{"l":{},"path":"/Users/vanminh/Documents/WORK/ECHODEX/echodex-contracts/contracts/interfaces/IWETH.sol","s":{},"b":{},"f":{},"fnMap":{},"statementMap":{},"branchMap":{}},"contracts/libraries/TransferHelper.sol":{"l":{"12":0,"13":0,"25":0,"26":0,"39":0,"40":0,"47":0,"48":0},"path":"/Users/vanminh/Documents/WORK/ECHODEX/echodex-contracts/contracts/libraries/TransferHelper.sol","s":{"1":0,"2":0,"3":0,"4":0,"5":0,"6":0,"7":0,"8":0},"b":{"1":[0,0],"2":[0,0],"3":[0,0],"4":[0,0]},"f":{"1":0,"2":0,"3":0,"4":0},"fnMap":{"1":{"name":"safeApprove","line":6,"loc":{"start":{"line":6,"column":4},"end":{"line":17,"column":4}}},"2":{"name":"safeTransfer","line":19,"loc":{"start":{"line":19,"column":4},"end":{"line":30,"column":4}}},"3":{"name":"safeTransferFrom","line":32,"loc":{"start":{"line":32,"column":4},"end":{"line":44,"column":4}}},"4":{"name":"safeTransferETH","line":46,"loc":{"start":{"line":46,"column":4},"end":{"line":49,"column":4}}}},"statementMap":{"1":{"start":{"line":12,"column":8},"end":{"line":12,"column":101}},"2":{"start":{"line":13,"column":8},"end":{"line":13,"column":500}},"3":{"start":{"line":25,"column":8},"end":{"line":25,"column":101}},"4":{"start":{"line":26,"column":8},"end":{"line":26,"column":942}},"5":{"start":{"line":39,"column":8},"end":{"line":39,"column":107}},"6":{"start":{"line":40,"column":8},"end":{"line":40,"column":1430}},"7":{"start":{"line":47,"column":8},"end":{"line":47,"column":62}},"8":{"start":{"line":48,"column":8},"end":{"line":48,"column":79}}},"branchMap":{"1":{"line":13,"type":"if","locations":[{"start":{"line":13,"column":8},"end":{"line":13,"column":8}},{"start":{"line":13,"column":8},"end":{"line":13,"column":8}}]},"2":{"line":26,"type":"if","locations":[{"start":{"line":26,"column":8},"end":{"line":26,"column":8}},{"start":{"line":26,"column":8},"end":{"line":26,"column":8}}]},"3":{"line":40,"type":"if","locations":[{"start":{"line":40,"column":8},"end":{"line":40,"column":8}},{"start":{"line":40,"column":8},"end":{"line":40,"column":8}}]},"4":{"line":48,"type":"if","locations":[{"start":{"line":48,"column":8},"end":{"line":48,"column":8}},{"start":{"line":48,"column":8},"end":{"line":48,"column":8}}]}}},"contracts/utils/Context.sol":{"l":{"17":0,"21":0,"22":0},"path":"/Users/vanminh/Documents/WORK/ECHODEX/echodex-contracts/contracts/utils/Context.sol","s":{"1":0,"2":0},"b":{},"f":{"1":0,"2":0},"fnMap":{"1":{"name":"_msgSender","line":16,"loc":{"start":{"line":16,"column":4},"end":{"line":18,"column":4}}},"2":{"name":"_msgData","line":20,"loc":{"start":{"line":20,"column":4},"end":{"line":23,"column":4}}}},"statementMap":{"1":{"start":{"line":17,"column":8},"end":{"line":17,"column":25}},"2":{"start":{"line":22,"column":8},"end":{"line":22,"column":23}}},"branchMap":{}},"contracts/utils/ERC20.sol":{"l":{"56":0,"57":0,"58":0,"65":0,"73":0,"90":0,"97":0,"104":0,"116":0,"117":0,"124":0,"135":0,"136":0,"153":0,"154":0,"155":0,"171":0,"172":0,"190":0,"191":0,"209":0,"210":0,"212":0,"214":0,"215":0,"216":0,"229":0,"231":0,"233":0,"234":0,"235":0,"250":0,"252":0,"254":0,"255":0,"256":0,"273":0,"274":0,"276":0,"277":0,"288":0},"path":"/Users/vanminh/Documents/WORK/ECHODEX/echodex-contracts/contracts/utils/ERC20.sol","s":{"1":0,"2":0,"3":0,"4":0,"5":0,"6":0,"7":0,"8":0,"9":0,"10":0,"11":0,"12":0,"13":0,"14":0,"15":0,"16":0,"17":0,"18":0,"19":0,"20":0,"21":0,"22":0,"23":0,"24":0,"25":0,"26":0,"27":0,"28":0,"29":0,"30":0,"31":0,"32":0,"33":0,"34":0,"35":0,"36":0,"37":0,"38":0,"39":0,"40":0,"41":0},"b":{"1":[0,0],"2":[0,0],"3":[0,0],"4":[0,0],"5":[0,0],"6":[0,0]},"f":{"1":0,"2":0,"3":0,"4":0,"5":0,"6":0,"7":0,"8":0,"9":0,"10":0,"11":0,"12":0,"13":0,"14":0,"15":0,"16":0,"17":0,"18":0},"fnMap":{"1":{"name":"constructor","line":55,"loc":{"start":{"line":55,"column":4},"end":{"line":59,"column":4}}},"2":{"name":"name","line":64,"loc":{"start":{"line":64,"column":4},"end":{"line":66,"column":4}}},"3":{"name":"symbol","line":72,"loc":{"start":{"line":72,"column":4},"end":{"line":74,"column":4}}},"4":{"name":"decimals","line":89,"loc":{"start":{"line":89,"column":4},"end":{"line":91,"column":4}}},"5":{"name":"totalSupply","line":96,"loc":{"start":{"line":96,"column":4},"end":{"line":98,"column":4}}},"6":{"name":"balanceOf","line":103,"loc":{"start":{"line":103,"column":4},"end":{"line":105,"column":4}}},"7":{"name":"transfer","line":115,"loc":{"start":{"line":115,"column":4},"end":{"line":118,"column":4}}},"8":{"name":"allowance","line":123,"loc":{"start":{"line":123,"column":4},"end":{"line":125,"column":4}}},"9":{"name":"approve","line":134,"loc":{"start":{"line":134,"column":4},"end":{"line":137,"column":4}}},"10":{"name":"transferFrom","line":152,"loc":{"start":{"line":152,"column":4},"end":{"line":156,"column":4}}},"11":{"name":"increaseAllowance","line":170,"loc":{"start":{"line":170,"column":4},"end":{"line":173,"column":4}}},"12":{"name":"decreaseAllowance","line":189,"loc":{"start":{"line":189,"column":4},"end":{"line":192,"column":4}}},"13":{"name":"_transfer","line":208,"loc":{"start":{"line":208,"column":4},"end":{"line":217,"column":4}}},"14":{"name":"_mint","line":228,"loc":{"start":{"line":228,"column":4},"end":{"line":236,"column":4}}},"15":{"name":"_burn","line":249,"loc":{"start":{"line":249,"column":4},"end":{"line":257,"column":4}}},"16":{"name":"_approve","line":272,"loc":{"start":{"line":272,"column":4},"end":{"line":278,"column":4}}},"17":{"name":"_setupDecimals","line":287,"loc":{"start":{"line":287,"column":4},"end":{"line":289,"column":4}}},"18":{"name":"_beforeTokenTransfer","line":305,"loc":{"start":{"line":305,"column":4},"end":{"line":305,"column":95}}}},"statementMap":{"1":{"start":{"line":56,"column":8},"end":{"line":56,"column":20}},"2":{"start":{"line":57,"column":8},"end":{"line":57,"column":24}},"3":{"start":{"line":58,"column":8},"end":{"line":58,"column":21}},"4":{"start":{"line":65,"column":8},"end":{"line":65,"column":20}},"5":{"start":{"line":73,"column":8},"end":{"line":73,"column":22}},"6":{"start":{"line":90,"column":8},"end":{"line":90,"column":24}},"7":{"start":{"line":97,"column":8},"end":{"line":97,"column":27}},"8":{"start":{"line":104,"column":8},"end":{"line":104,"column":33}},"9":{"start":{"line":116,"column":8},"end":{"line":116,"column":49}},"10":{"start":{"line":117,"column":8},"end":{"line":117,"column":19}},"11":{"start":{"line":124,"column":8},"end":{"line":124,"column":42}},"12":{"start":{"line":135,"column":8},"end":{"line":135,"column":46}},"13":{"start":{"line":136,"column":8},"end":{"line":136,"column":19}},"14":{"start":{"line":153,"column":8},"end":{"line":153,"column":43}},"15":{"start":{"line":154,"column":8},"end":{"line":154,"column":84}},"16":{"start":{"line":155,"column":8},"end":{"line":155,"column":19}},"17":{"start":{"line":171,"column":8},"end":{"line":171,"column":90}},"18":{"start":{"line":172,"column":8},"end":{"line":172,"column":19}},"19":{"start":{"line":190,"column":8},"end":{"line":190,"column":95}},"20":{"start":{"line":191,"column":8},"end":{"line":191,"column":19}},"21":{"start":{"line":209,"column":8},"end":{"line":209,"column":77}},"22":{"start":{"line":210,"column":8},"end":{"line":210,"column":78}},"23":{"start":{"line":212,"column":8},"end":{"line":212,"column":54}},"24":{"start":{"line":214,"column":8},"end":{"line":214,"column":56}},"25":{"start":{"line":215,"column":8},"end":{"line":215,"column":62}},"26":{"start":{"line":216,"column":8},"end":{"line":216,"column":48}},"27":{"start":{"line":229,"column":8},"end":{"line":229,"column":72}},"28":{"start":{"line":231,"column":8},"end":{"line":231,"column":56}},"29":{"start":{"line":233,"column":8},"end":{"line":233,"column":46}},"30":{"start":{"line":234,"column":8},"end":{"line":234,"column":58}},"31":{"start":{"line":235,"column":8},"end":{"line":235,"column":50}},"32":{"start":{"line":250,"column":8},"end":{"line":250,"column":74}},"33":{"start":{"line":252,"column":8},"end":{"line":252,"column":56}},"34":{"start":{"line":254,"column":8},"end":{"line":254,"column":58}},"35":{"start":{"line":255,"column":8},"end":{"line":255,"column":46}},"36":{"start":{"line":256,"column":8},"end":{"line":256,"column":50}},"37":{"start":{"line":273,"column":8},"end":{"line":273,"column":75}},"38":{"start":{"line":274,"column":8},"end":{"line":274,"column":75}},"39":{"start":{"line":276,"column":8},"end":{"line":276,"column":43}},"40":{"start":{"line":277,"column":8},"end":{"line":277,"column":45}},"41":{"start":{"line":288,"column":8},"end":{"line":288,"column":28}}},"branchMap":{"1":{"line":209,"type":"if","locations":[{"start":{"line":209,"column":8},"end":{"line":209,"column":8}},{"start":{"line":209,"column":8},"end":{"line":209,"column":8}}]},"2":{"line":210,"type":"if","locations":[{"start":{"line":210,"column":8},"end":{"line":210,"column":8}},{"start":{"line":210,"column":8},"end":{"line":210,"column":8}}]},"3":{"line":229,"type":"if","locations":[{"start":{"line":229,"column":8},"end":{"line":229,"column":8}},{"start":{"line":229,"column":8},"end":{"line":229,"column":8}}]},"4":{"line":250,"type":"if","locations":[{"start":{"line":250,"column":8},"end":{"line":250,"column":8}},{"start":{"line":250,"column":8},"end":{"line":250,"column":8}}]},"5":{"line":273,"type":"if","locations":[{"start":{"line":273,"column":8},"end":{"line":273,"column":8}},{"start":{"line":273,"column":8},"end":{"line":273,"column":8}}]},"6":{"line":274,"type":"if","locations":[{"start":{"line":274,"column":8},"end":{"line":274,"column":8}},{"start":{"line":274,"column":8},"end":{"line":274,"column":8}}]}}},"contracts/utils/IERC20.sol":{"l":{},"path":"/Users/vanminh/Documents/WORK/ECHODEX/echodex-contracts/contracts/utils/IERC20.sol","s":{},"b":{},"f":{},"fnMap":{},"statementMap":{},"branchMap":{}}}